<?xml version="1.0" encoding="UTF-8"?>
<!-- Generated by org.testng.reporters.JUnitReportReporter -->
<testsuite skipped="0" hostname="ansible-acm" name="DevOpsPhp.phpTest1" tests="1" failures="0" timestamp="20 Feb 2020 04:16:46 GMT" time="13.163" errors="0">
  <testcase name="runFromDevOpsPhp" time="13.163" classname="DevOpsPhp.phpTest1"/>
</testsuite> <!-- DevOpsPhp.phpTest1 -->
